2023-07-30 16:31:35,737 INFO raft peers changed: [Member{ip='169.254.42.228', port=8848, state=UP, extendInfo={raftPort=7848}}]

2023-07-30 16:31:35,768 INFO initializing Raft sub-system

2023-07-30 16:31:35,768 INFO finish loading all datums, size: 0 cost 0 ms.

2023-07-30 16:31:35,768 INFO cache loaded, datum count: 0, current term: 0

2023-07-30 16:31:35,768 INFO finish to load data from disk, cost: 0 ms.

2023-07-30 16:31:35,784 INFO timer started: leader timeout ms: 15000, heart-beat timeout ms: 5000

2023-07-30 16:31:36,671 INFO add listener: com.alibaba.nacos.naming.domains.meta.00-00---000-NACOS_SWITCH_DOMAIN-000---00-00

2023-07-30 16:31:36,693 INFO add listener: com.alibaba.nacos.naming.domains.meta.

2023-07-30 16:31:40,722 WARN start to close old raft protocol!!!

2023-07-30 16:31:40,722 WARN stop old raft protocol task for notifier

2023-07-30 16:31:40,722 WARN stop old raft protocol task for master task

2023-07-30 16:31:40,722 WARN stop old raft protocol task for heartbeat task

2023-07-30 16:31:40,722 WARN clean old cache datum for old raft

2023-07-30 16:31:40,722 WARN start to close old raft protocol!!!

2023-07-30 16:31:40,722 WARN stop old raft protocol task for notifier

2023-07-30 16:31:40,722 WARN stop old raft protocol task for master task

2023-07-30 16:31:40,722 WARN stop old raft protocol task for heartbeat task

2023-07-30 16:31:40,722 WARN clean old cache datum for old raft

2023-07-30 16:31:40,723 WARN start to move old raft protocol metadata

2023-07-30 16:31:40,725 WARN start to move old raft protocol metadata

2023-07-30 16:31:40,726 INFO raft peers changed: [Member{ip='169.254.42.228', port=8848, state=UP, extendInfo={lastRefreshTime=1690705900725, raftPort=7848, version=1.4.3}}]

2023-07-30 16:38:55,314 INFO raft peers changed: [Member{ip='169.254.42.228', port=8848, state=UP, extendInfo={raftPort=7848}}]

2023-07-30 16:38:55,353 INFO initializing Raft sub-system

2023-07-30 16:38:55,354 INFO finish loading all datums, size: 0 cost 0 ms.

2023-07-30 16:38:55,360 INFO cache loaded, datum count: 0, current term: 0

2023-07-30 16:38:55,360 INFO finish to load data from disk, cost: 7 ms.

2023-07-30 16:38:55,365 INFO timer started: leader timeout ms: 15000, heart-beat timeout ms: 5000

2023-07-30 16:38:56,143 INFO add listener: com.alibaba.nacos.naming.domains.meta.00-00---000-NACOS_SWITCH_DOMAIN-000---00-00

2023-07-30 16:38:56,163 INFO add listener: com.alibaba.nacos.naming.domains.meta.

2023-07-30 16:39:00,303 WARN start to close old raft protocol!!!

2023-07-30 16:39:00,303 WARN stop old raft protocol task for notifier

2023-07-30 16:39:00,303 WARN stop old raft protocol task for master task

2023-07-30 16:39:00,303 WARN stop old raft protocol task for heartbeat task

2023-07-30 16:39:00,303 WARN clean old cache datum for old raft

2023-07-30 16:39:00,303 WARN start to close old raft protocol!!!

2023-07-30 16:39:00,303 WARN stop old raft protocol task for notifier

2023-07-30 16:39:00,303 WARN stop old raft protocol task for master task

2023-07-30 16:39:00,303 WARN stop old raft protocol task for heartbeat task

2023-07-30 16:39:00,303 WARN clean old cache datum for old raft

2023-07-30 16:39:00,303 WARN start to move old raft protocol metadata

2023-07-30 16:39:00,306 WARN start to move old raft protocol metadata

2023-07-30 16:39:00,308 INFO raft peers changed: [Member{ip='169.254.42.228', port=8848, state=UP, extendInfo={lastRefreshTime=1690706340306, raftPort=7848, version=1.4.3}}]

2023-07-30 16:57:53,536 INFO raft peers changed: [Member{ip='169.254.42.228', port=8848, state=UP, extendInfo={raftPort=7848}}]

2023-07-30 16:57:53,570 INFO initializing Raft sub-system

2023-07-30 16:57:53,570 INFO finish loading all datums, size: 0 cost 0 ms.

2023-07-30 16:57:53,573 INFO cache loaded, datum count: 0, current term: 0

2023-07-30 16:57:53,573 INFO finish to load data from disk, cost: 3 ms.

2023-07-30 16:57:53,577 INFO timer started: leader timeout ms: 15000, heart-beat timeout ms: 5000

2023-07-30 16:57:54,449 INFO add listener: com.alibaba.nacos.naming.domains.meta.00-00---000-NACOS_SWITCH_DOMAIN-000---00-00

2023-07-30 16:57:54,480 INFO add listener: com.alibaba.nacos.naming.domains.meta.

2023-07-30 16:57:58,509 WARN start to close old raft protocol!!!

2023-07-30 16:57:58,510 WARN stop old raft protocol task for notifier

2023-07-30 16:57:58,510 WARN stop old raft protocol task for master task

2023-07-30 16:57:58,510 WARN stop old raft protocol task for heartbeat task

2023-07-30 16:57:58,510 WARN clean old cache datum for old raft

2023-07-30 16:57:58,510 WARN start to close old raft protocol!!!

2023-07-30 16:57:58,510 WARN stop old raft protocol task for notifier

2023-07-30 16:57:58,510 WARN stop old raft protocol task for master task

2023-07-30 16:57:58,510 WARN stop old raft protocol task for heartbeat task

2023-07-30 16:57:58,510 WARN clean old cache datum for old raft

2023-07-30 16:57:58,510 WARN start to move old raft protocol metadata

2023-07-30 16:57:58,512 WARN start to move old raft protocol metadata

2023-07-30 16:57:58,513 INFO raft peers changed: [Member{ip='169.254.42.228', port=8848, state=UP, extendInfo={lastRefreshTime=1690707478512, raftPort=7848, version=1.4.3}}]

2023-07-30 17:15:08,062 INFO raft peers changed: [Member{ip='169.254.42.228', port=8848, state=UP, extendInfo={raftPort=7848}}]

2023-07-30 17:15:08,098 INFO initializing Raft sub-system

2023-07-30 17:15:08,099 INFO finish loading all datums, size: 0 cost 1 ms.

2023-07-30 17:15:08,102 INFO cache loaded, datum count: 0, current term: 0

2023-07-30 17:15:08,102 INFO finish to load data from disk, cost: 4 ms.

2023-07-30 17:15:08,106 INFO timer started: leader timeout ms: 15000, heart-beat timeout ms: 5000

2023-07-30 17:15:08,804 INFO add listener: com.alibaba.nacos.naming.domains.meta.00-00---000-NACOS_SWITCH_DOMAIN-000---00-00

2023-07-30 17:15:08,828 INFO add listener: com.alibaba.nacos.naming.domains.meta.

2023-07-30 17:15:13,042 WARN start to close old raft protocol!!!

2023-07-30 17:15:13,042 WARN stop old raft protocol task for notifier

2023-07-30 17:15:13,042 WARN stop old raft protocol task for master task

2023-07-30 17:15:13,042 WARN stop old raft protocol task for heartbeat task

2023-07-30 17:15:13,042 WARN clean old cache datum for old raft

2023-07-30 17:15:13,042 WARN start to close old raft protocol!!!

2023-07-30 17:15:13,042 WARN stop old raft protocol task for notifier

2023-07-30 17:15:13,042 WARN stop old raft protocol task for master task

2023-07-30 17:15:13,042 WARN stop old raft protocol task for heartbeat task

2023-07-30 17:15:13,042 WARN clean old cache datum for old raft

2023-07-30 17:15:13,042 WARN start to move old raft protocol metadata

2023-07-30 17:15:13,045 WARN start to move old raft protocol metadata

2023-07-30 17:15:13,046 INFO raft peers changed: [Member{ip='169.254.42.228', port=8848, state=UP, extendInfo={lastRefreshTime=1690708513045, raftPort=7848, version=1.4.3}}]

2023-07-30 17:17:49,294 INFO add listener: com.alibaba.nacos.naming.iplist.public##DEFAULT_GROUP@@BookService

2023-07-30 17:19:58,951 INFO [RAFT-NOTIFIER] datum is deleted, key: com.alibaba.nacos.naming.domains.meta.public##DEFAULT_GROUP@@BookService

2023-07-30 17:21:21,492 INFO add listener: com.alibaba.nacos.naming.iplist.public##DEFAULT_GROUP@@UserService

2023-07-30 17:21:41,230 INFO add listener: com.alibaba.nacos.naming.iplist.public##DEFAULT_GROUP@@BookService

2023-07-30 17:25:06,815 INFO add listener: com.alibaba.nacos.naming.iplist.public##DEFAULT_GROUP@@BorrowService

2023-07-30 17:29:28,830 INFO [RAFT-NOTIFIER] datum is deleted, key: com.alibaba.nacos.naming.domains.meta.public##DEFAULT_GROUP@@BorrowService

2023-07-30 17:29:58,835 INFO [RAFT-NOTIFIER] datum is deleted, key: com.alibaba.nacos.naming.domains.meta.public##DEFAULT_GROUP@@BookService

2023-07-30 17:29:58,836 INFO [RAFT-NOTIFIER] datum is deleted, key: com.alibaba.nacos.naming.domains.meta.public##DEFAULT_GROUP@@UserService

2023-07-30 17:35:52,209 INFO add listener: com.alibaba.nacos.naming.iplist.public##DEFAULT_GROUP@@BorrowService

2023-07-30 17:35:56,117 INFO add listener: com.alibaba.nacos.naming.iplist.public##DEFAULT_GROUP@@UserService

2023-07-30 17:36:03,886 INFO add listener: com.alibaba.nacos.naming.iplist.public##DEFAULT_GROUP@@BookService

2023-07-30 18:08:28,944 INFO [RAFT-NOTIFIER] datum is deleted, key: com.alibaba.nacos.naming.domains.meta.public##DEFAULT_GROUP@@BookService

2023-07-30 18:08:28,947 INFO [RAFT-NOTIFIER] datum is deleted, key: com.alibaba.nacos.naming.domains.meta.public##DEFAULT_GROUP@@BorrowService

2023-07-30 18:08:28,949 INFO [RAFT-NOTIFIER] datum is deleted, key: com.alibaba.nacos.naming.domains.meta.public##DEFAULT_GROUP@@UserService

2023-07-30 18:26:22,067 INFO add listener: com.alibaba.nacos.naming.iplist.public##DEFAULT_GROUP@@BookService

2023-07-30 18:37:15,849 INFO add listener: com.alibaba.nacos.naming.iplist.public##DEFAULT_GROUP@@BorrowService

2023-07-30 18:37:16,055 INFO [RAFT-NOTIFIER] datum is changed, key: com.alibaba.nacos.naming.domains.meta.public##DEFAULT_GROUP@@BorrowService, value: Service{name='DEFAULT_GROUP@@BorrowService', protectThreshold=0.0, appName='null', groupName='DEFAULT_GROUP', metadata={}}

2023-07-30 18:37:16,074 INFO add listener: com.alibaba.nacos.naming.iplist.public##DEFAULT_GROUP@@BorrowService

2023-07-30 18:37:26,042 INFO add listener: com.alibaba.nacos.naming.iplist.public##DEFAULT_GROUP@@UserService

