2023-07-30 16:58:25,101 INFO PERFORMANCE:|0|0|-1|-1

2023-07-30 17:03:25,103 INFO PERFORMANCE:|0|0|-1|-1

2023-07-30 17:15:39,404 INFO PERFORMANCE:|0|0|-1|-1

2023-07-30 17:20:39,414 INFO PERFORMANCE:|0|0|-1|-1

2023-07-30 17:25:39,424 INFO PERFORMANCE:|3|3|3|3

2023-07-30 17:30:39,440 INFO PERFORMANCE:|0|0|-1|-1

2023-07-30 17:35:39,450 INFO PERFORMANCE:|0|0|-1|-1

2023-07-30 17:40:39,459 INFO PERFORMANCE:|3|3|-1|-1

2023-07-30 17:45:39,464 INFO PERFORMANCE:|3|3|-1|-1

2023-07-30 17:50:39,477 INFO PERFORMANCE:|3|3|-1|-1

2023-07-30 17:55:39,486 INFO PERFORMANCE:|3|3|-1|-1

2023-07-30 18:00:39,498 INFO PERFORMANCE:|3|3|-1|-1

2023-07-30 18:05:39,503 INFO PERFORMANCE:|3|3|-1|-1

2023-07-30 18:10:39,514 INFO PERFORMANCE:|0|0|-1|-1

2023-07-30 18:15:39,516 INFO PERFORMANCE:|0|0|-1|-1

2023-07-30 18:20:39,522 INFO PERFORMANCE:|0|0|-1|-1

2023-07-30 18:25:39,531 INFO PERFORMANCE:|0|0|-1|-1

2023-07-30 18:30:39,539 INFO PERFORMANCE:|1|1|-1|-1

2023-07-30 18:35:39,549 INFO PERFORMANCE:|1|1|-1|-1

2023-07-30 18:40:39,557 INFO PERFORMANCE:|3|3|-1|-1

2023-07-30 18:45:39,566 INFO PERFORMANCE:|3|3|-1|-1

2023-07-30 18:50:39,573 INFO PERFORMANCE:|3|3|-1|-1

2023-07-30 18:55:39,576 INFO PERFORMANCE:|3|3|-1|-1

2023-07-30 19:00:39,580 INFO PERFORMANCE:|3|3|-1|-1

2023-07-30 19:05:39,594 INFO PERFORMANCE:|3|3|-1|-1

2023-07-30 19:10:39,602 INFO PERFORMANCE:|3|3|-1|-1

2023-07-30 19:15:39,616 INFO PERFORMANCE:|3|3|-1|-1

2023-07-30 19:20:39,620 INFO PERFORMANCE:|3|3|-1|-1

2023-07-30 19:25:39,630 INFO PERFORMANCE:|3|3|-1|-1

